<?xml version="1.0" encoding="UTF-8"?>
<testsuite xmlns:xsi="http://www.w3.org/2001/XMLSchema-instance" xsi:noNamespaceSchemaLocation="https://maven.apache.org/surefire/maven-surefire-plugin/xsd/surefire-test-report-3.0.xsd" version="3.0" name="org.example.validaciones.ValidacionSeguroTest" time="0.066" tests="13" errors="0" skipped="0" failures="0">
  <properties>
    <property name="java.specification.version" value="20"/>
    <property name="sun.cpu.isalist" value="amd64"/>
    <property name="sun.jnu.encoding" value="Cp1252"/>
    <property name="java.class.path" value="C:\Users\boris\OneDrive\Escritorio\Cesde\Practica\Java\examenpoosura\target\test-classes;C:\Users\boris\OneDrive\Escritorio\Cesde\Practica\Java\examenpoosura\target\classes;C:\Users\boris\.m2\repository\org\junit\jupiter\junit-jupiter-engine\5.8.0\junit-jupiter-engine-5.8.0.jar;C:\Users\boris\.m2\repository\org\junit\platform\junit-platform-engine\1.8.0\junit-platform-engine-1.8.0.jar;C:\Users\boris\.m2\repository\org\opentest4j\opentest4j\1.2.0\opentest4j-1.2.0.jar;C:\Users\boris\.m2\repository\org\junit\platform\junit-platform-commons\1.8.0\junit-platform-commons-1.8.0.jar;C:\Users\boris\.m2\repository\org\junit\jupiter\junit-jupiter-api\5.8.0\junit-jupiter-api-5.8.0.jar;C:\Users\boris\.m2\repository\org\apiguardian\apiguardian-api\1.1.2\apiguardian-api-1.1.2.jar;"/>
    <property name="java.vm.vendor" value="Oracle Corporation"/>
    <property name="sun.arch.data.model" value="64"/>
    <property name="user.variant" value=""/>
    <property name="java.vendor.url" value="https://java.oracle.com/"/>
    <property name="user.timezone" value="America/Bogota"/>
    <property name="os.name" value="Windows 11"/>
    <property name="java.vm.specification.version" value="20"/>
    <property name="sun.java.launcher" value="SUN_STANDARD"/>
    <property name="user.country" value="US"/>
    <property name="sun.boot.library.path" value="C:\Users\boris\.jdks\openjdk-20.0.2\bin"/>
    <property name="sun.java.command" value="C:\Users\boris\AppData\Local\Temp\surefire13642934828711825316\surefirebooter-20231021095824189_3.jar C:\Users\boris\AppData\Local\Temp\surefire13642934828711825316 2023-10-21T09-58-23_971-jvmRun1 surefire-20231021095824189_1tmp surefire_0-20231021095824189_2tmp"/>
    <property name="jdk.debug" value="release"/>
    <property name="surefire.test.class.path" value="C:\Users\boris\OneDrive\Escritorio\Cesde\Practica\Java\examenpoosura\target\test-classes;C:\Users\boris\OneDrive\Escritorio\Cesde\Practica\Java\examenpoosura\target\classes;C:\Users\boris\.m2\repository\org\junit\jupiter\junit-jupiter-engine\5.8.0\junit-jupiter-engine-5.8.0.jar;C:\Users\boris\.m2\repository\org\junit\platform\junit-platform-engine\1.8.0\junit-platform-engine-1.8.0.jar;C:\Users\boris\.m2\repository\org\opentest4j\opentest4j\1.2.0\opentest4j-1.2.0.jar;C:\Users\boris\.m2\repository\org\junit\platform\junit-platform-commons\1.8.0\junit-platform-commons-1.8.0.jar;C:\Users\boris\.m2\repository\org\junit\jupiter\junit-jupiter-api\5.8.0\junit-jupiter-api-5.8.0.jar;C:\Users\boris\.m2\repository\org\apiguardian\apiguardian-api\1.1.2\apiguardian-api-1.1.2.jar;"/>
    <property name="sun.cpu.endian" value="little"/>
    <property name="user.home" value="C:\Users\boris"/>
    <property name="user.language" value="en"/>
    <property name="java.specification.vendor" value="Oracle Corporation"/>
    <property name="java.version.date" value="2023-07-18"/>
    <property name="java.home" value="C:\Users\boris\.jdks\openjdk-20.0.2"/>
    <property name="file.separator" value="\"/>
    <property name="basedir" value="C:\Users\boris\OneDrive\Escritorio\Cesde\Practica\Java\examenpoosura"/>
    <property name="java.vm.compressedOopsMode" value="Zero based"/>
    <property name="line.separator" value="&#10;"/>
    <property name="java.vm.specification.vendor" value="Oracle Corporation"/>
    <property name="java.specification.name" value="Java Platform API Specification"/>
    <property name="surefire.real.class.path" value="C:\Users\boris\AppData\Local\Temp\surefire13642934828711825316\surefirebooter-20231021095824189_3.jar"/>
    <property name="user.script" value=""/>
    <property name="sun.management.compiler" value="HotSpot 64-Bit Tiered Compilers"/>
    <property name="java.runtime.version" value="20.0.2+9-78"/>
    <property name="user.name" value="boris"/>
    <property name="stdout.encoding" value="Cp1252"/>
    <property name="path.separator" value=";"/>
    <property name="os.version" value="10.0"/>
    <property name="java.runtime.name" value="OpenJDK Runtime Environment"/>
    <property name="file.encoding" value="UTF-8"/>
    <property name="java.vm.name" value="OpenJDK 64-Bit Server VM"/>
    <property name="localRepository" value="C:\Users\boris\.m2\repository"/>
    <property name="java.vendor.url.bug" value="https://bugreport.java.com/bugreport/"/>
    <property name="java.io.tmpdir" value="C:\Users\boris\AppData\Local\Temp\"/>
    <property name="idea.version" value="2023.2"/>
    <property name="java.version" value="20.0.2"/>
    <property name="user.dir" value="C:\Users\boris\OneDrive\Escritorio\Cesde\Practica\Java\examenpoosura"/>
    <property name="os.arch" value="amd64"/>
    <property name="java.vm.specification.name" value="Java Virtual Machine Specification"/>
    <property name="sun.os.patch.level" value=""/>
    <property name="native.encoding" value="Cp1252"/>
    <property name="java.library.path" value="C:\Users\boris\.jdks\openjdk-20.0.2\bin;C:\WINDOWS\Sun\Java\bin;C:\WINDOWS\system32;C:\WINDOWS;C:\Program Files (x86)\VMware\VMware Player\bin\;C:\Program Files\Common Files\Oracle\Java\javapath;C:\WINDOWS\system32;C:\WINDOWS;C:\WINDOWS\System32\Wbem;C:\WINDOWS\System32\WindowsPowerShell\v1.0\;C:\WINDOWS\System32\OpenSSH\;C:\Program Files\Git\cmd;C:\Program Files (x86)\Microsoft SQL Server\160\Tools\Binn\;C:\Program Files\Microsoft SQL Server\160\Tools\Binn\;C:\Program Files\Microsoft SQL Server\Client SDK\ODBC\170\Tools\Binn\;C:\Program Files\Microsoft SQL Server\160\DTS\Binn\;C:\Program Files (x86)\Microsoft SQL Server\160\DTS\Binn\;C:\Program Files\Azure Data Studio\bin;C:\Program Files (x86)\NVIDIA Corporation\PhysX\Common;C:\Program Files\NVIDIA Corporation\NVIDIA NvDLISR;C:\Users\boris\AppData\Local\Programs\Python\Python311\Scripts\;C:\Users\boris\AppData\Local\Programs\Python\Python311\;C:\Users\boris\AppData\Local\Microsoft\WindowsApps;C:\Users\boris\AppData\Local\Programs\Microsoft VS Code\bin;C:\Program Files\Azure Data Studio\bin;C:\Users\boris\OneDrive\Documentos\metadatos\exiftool.exe;;."/>
    <property name="java.vm.info" value="mixed mode, sharing"/>
    <property name="stderr.encoding" value="Cp1252"/>
    <property name="java.vendor" value="Oracle Corporation"/>
    <property name="java.vm.version" value="20.0.2+9-78"/>
    <property name="sun.io.unicode.encoding" value="UnicodeLittle"/>
    <property name="java.class.version" value="64.0"/>
  </properties>
  <testcase name="validarNombreAseguradoLon" classname="org.example.validaciones.ValidacionSeguroTest" time="0.025"/>
  <testcase name="fechaInicioCoberturaCorrecta" classname="org.example.validaciones.ValidacionSeguroTest" time="0.004"/>
  <testcase name="validarNombreAseguradoCorrecto" classname="org.example.validaciones.ValidacionSeguroTest" time="0.002"/>
  <testcase name="validarEdadAseguradoInCorrecto" classname="org.example.validaciones.ValidacionSeguroTest" time="0.001"/>
  <testcase name="validarBeneficiarioInCorrecto" classname="org.example.validaciones.ValidacionSeguroTest" time="0.002"/>
  <testcase name="validarBeneficiarioInCorrectoMax" classname="org.example.validaciones.ValidacionSeguroTest" time="0.001"/>
  <testcase name="validarNombreAseguradoInCorrecto" classname="org.example.validaciones.ValidacionSeguroTest" time="0.001"/>
  <testcase name="fechaInicioCoberturaInCorrecta" classname="org.example.validaciones.ValidacionSeguroTest" time="0.001"/>
  <testcase name="validarMontoCoberturaMax" classname="org.example.validaciones.ValidacionSeguroTest" time="0.004"/>
  <testcase name="validarMontoCoberturaCorrecto" classname="org.example.validaciones.ValidacionSeguroTest" time="0.002"/>
  <testcase name="validarEdadAseguradoCorrecto" classname="org.example.validaciones.ValidacionSeguroTest" time="0.001"/>
  <testcase name="validarEdadAseguradoMax" classname="org.example.validaciones.ValidacionSeguroTest" time="0.001"/>
  <testcase name="validarBeneficiarioCorrecto" classname="org.example.validaciones.ValidacionSeguroTest" time="0.001"/>
</testsuite>